[2024-04-23T15:09:11.605+0000] {taskinstance.py:1159} INFO - Dependencies all met for dep_context=non-requeueable deps ti=<TaskInstance: db_scd2.run_sql scheduled__2024-04-21T17:00:00+00:00 [queued]>
[2024-04-23T15:09:11.609+0000] {taskinstance.py:1159} INFO - Dependencies all met for dep_context=requeueable deps ti=<TaskInstance: db_scd2.run_sql scheduled__2024-04-21T17:00:00+00:00 [queued]>
[2024-04-23T15:09:11.609+0000] {taskinstance.py:1361} INFO - Starting attempt 1 of 1
[2024-04-23T15:09:11.616+0000] {taskinstance.py:1382} INFO - Executing <Task(_PythonDecoratedOperator): run_sql> on 2024-04-21 17:00:00+00:00
[2024-04-23T15:09:11.619+0000] {standard_task_runner.py:57} INFO - Started process 477 to run task
[2024-04-23T15:09:11.621+0000] {standard_task_runner.py:84} INFO - Running: ['airflow', 'tasks', 'run', 'db_scd2', 'run_sql', 'scheduled__2024-04-21T17:00:00+00:00', '--job-id', '52', '--raw', '--subdir', '/opt/airflow/dags/dags-example/db_scd2.py', '--cfg-path', '/tmp/tmp86akliwj']
[2024-04-23T15:09:11.623+0000] {standard_task_runner.py:85} INFO - Job 52: Subtask run_sql
[2024-04-23T15:09:11.686+0000] {task_command.py:415} INFO - Running <TaskInstance: db_scd2.run_sql scheduled__2024-04-21T17:00:00+00:00 [running]> on host 455dffaa18e2
[2024-04-23T15:09:11.736+0000] {taskinstance.py:1660} INFO - Exporting env vars: AIRFLOW_CTX_DAG_OWNER='airflow' AIRFLOW_CTX_DAG_ID='db_scd2' AIRFLOW_CTX_TASK_ID='run_sql' AIRFLOW_CTX_EXECUTION_DATE='2024-04-21T17:00:00+00:00' AIRFLOW_CTX_TRY_NUMBER='1' AIRFLOW_CTX_DAG_RUN_ID='scheduled__2024-04-21T17:00:00+00:00'
[2024-04-23T15:09:11.751+0000] {logging_mixin.py:151} INFO -     tiki_pid  ... ingestion_dt_unix
0  200629270  ...        1713884944
1  195357772  ...        1713884944
2  195109412  ...        1713884944
3  193570411  ...        1713884944
4  186118365  ...        1713884944

[5 rows x 5 columns]
[2024-04-23T15:09:11.752+0000] {python.py:194} INFO - Done. Returned value was: None
[2024-04-23T15:09:11.758+0000] {taskinstance.py:1400} INFO - Marking task as SUCCESS. dag_id=db_scd2, task_id=run_sql, execution_date=20240421T170000, start_date=20240423T150911, end_date=20240423T150911
[2024-04-23T15:09:11.778+0000] {local_task_job_runner.py:228} INFO - Task exited with return code 0
[2024-04-23T15:09:11.790+0000] {taskinstance.py:2784} INFO - 0 downstream tasks scheduled from follow-on schedule check
