[2024-04-23T15:09:07.492+0000] {taskinstance.py:1159} INFO - Dependencies all met for dep_context=non-requeueable deps ti=<TaskInstance: etl.load manual__2024-04-23T15:09:03.520653+00:00 [queued]>
[2024-04-23T15:09:07.497+0000] {taskinstance.py:1159} INFO - Dependencies all met for dep_context=requeueable deps ti=<TaskInstance: etl.load manual__2024-04-23T15:09:03.520653+00:00 [queued]>
[2024-04-23T15:09:07.497+0000] {taskinstance.py:1361} INFO - Starting attempt 1 of 1
[2024-04-23T15:09:07.503+0000] {taskinstance.py:1382} INFO - Executing <Task(_PythonDecoratedOperator): load> on 2024-04-23 15:09:03.520653+00:00
[2024-04-23T15:09:07.507+0000] {standard_task_runner.py:57} INFO - Started process 462 to run task
[2024-04-23T15:09:07.509+0000] {standard_task_runner.py:84} INFO - Running: ['airflow', 'tasks', 'run', 'etl', 'load', 'manual__2024-04-23T15:09:03.520653+00:00', '--job-id', '51', '--raw', '--subdir', '/opt/airflow/dags/dags-example/etl.py', '--cfg-path', '/tmp/tmpmwkb73ka']
[2024-04-23T15:09:07.512+0000] {standard_task_runner.py:85} INFO - Job 51: Subtask load
[2024-04-23T15:09:07.538+0000] {task_command.py:415} INFO - Running <TaskInstance: etl.load manual__2024-04-23T15:09:03.520653+00:00 [running]> on host 455dffaa18e2
[2024-04-23T15:09:07.603+0000] {taskinstance.py:1660} INFO - Exporting env vars: AIRFLOW_CTX_DAG_OWNER='airflow' AIRFLOW_CTX_DAG_ID='etl' AIRFLOW_CTX_TASK_ID='load' AIRFLOW_CTX_EXECUTION_DATE='2024-04-23T15:09:03.520653+00:00' AIRFLOW_CTX_TRY_NUMBER='1' AIRFLOW_CTX_DAG_RUN_ID='manual__2024-04-23T15:09:03.520653+00:00'
[2024-04-23T15:09:07.606+0000] {logging_mixin.py:151} INFO - load
[2024-04-23T15:09:07.775+0000] {logging_mixin.py:151} INFO -      tiki_pid  ... ingestion_dt_unix
43  200629270  ...        1713884944
44  195357772  ...        1713884944
45  195109412  ...        1713884944
46  193570411  ...        1713884944
47  186118365  ...        1713884944
48  147903537  ...        1713884944
49  143185998  ...        1713884944
50  138934612  ...        1713884944
51  138481685  ...        1713884944
52  110255220  ...        1713884944
53  117836946  ...        1713884944
54  117170051  ...        1713884944
55  116410119  ...        1713884944
56  100989176  ...        1713884944
57  248758024  ...        1713884944
58   95218547  ...        1713884944
59   75615273  ...        1713884944
60   72331113  ...        1713884944
61   68370674  ...        1713884944
62   66512832  ...        1713884944
63   59479717  ...        1713884944
64   58342212  ...        1713884944
65  136666870  ...        1713884944
66   53507455  ...        1713884944
67   53506478  ...        1713884944
68   55461727  ...        1713884944
69   53831604  ...        1713884944
70  135079395  ...        1713884944
71   50685547  ...        1713884944
72   48962414  ...        1713884944
73   11616161  ...        1713884944
74   21973737  ...        1713884944
75   10920495  ...        1713884944
76    8959289  ...        1713884944
77   10278713  ...        1713884944
78     632680  ...        1713884944
79   10071383  ...        1713884944
80   73124602  ...        1713884944
81    1453915  ...        1713884944
82    1672157  ...        1713884944
83     897016  ...        1713884944
84     579962  ...        1713884944
85     414764  ...        1713884944

[43 rows x 5 columns]
[2024-04-23T15:09:07.776+0000] {python.py:194} INFO - Done. Returned value was: None
[2024-04-23T15:09:07.784+0000] {taskinstance.py:1400} INFO - Marking task as SUCCESS. dag_id=etl, task_id=load, execution_date=20240423T150903, start_date=20240423T150907, end_date=20240423T150907
[2024-04-23T15:09:07.816+0000] {local_task_job_runner.py:228} INFO - Task exited with return code 0
[2024-04-23T15:09:07.828+0000] {taskinstance.py:2784} INFO - 0 downstream tasks scheduled from follow-on schedule check
